2020-10-19 16:36:26.569  INFO 15964 --- [main] com.mindskip.xzs.XzsApplication          : Starting XzsApplication on DESKTOP-OCPEEVB with PID 15964 (started by wxj in F:\在线考试\xzs-mysql\source\xzs)
2020-10-19 16:36:26.572  INFO 15964 --- [main] com.mindskip.xzs.XzsApplication          : The following profiles are active: dev
2020-10-19 16:36:27.612  INFO 15964 --- [main] .s.d.r.c.RepositoryConfigurationDelegate : Multiple Spring Data modules found, entering strict repository configuration mode!
2020-10-19 16:36:27.617  INFO 15964 --- [main] .s.d.r.c.RepositoryConfigurationDelegate : Bootstrapping Spring Data repositories in DEFAULT mode.
2020-10-19 16:36:27.674  INFO 15964 --- [main] .s.d.r.c.RepositoryConfigurationDelegate : Finished Spring Data repository scanning in 42ms. Found 0 repository interfaces.
2020-10-19 16:36:28.117  INFO 15964 --- [main] trationDelegate$BeanPostProcessorChecker : Bean 'cacheConfig' of type [com.mindskip.xzs.configuration.spring.cache.CacheConfig$$EnhancerBySpringCGLIB$$48a393b] is not eligible for getting processed by all BeanPostProcessors (for example: not eligible for auto-proxying)
2020-10-19 16:36:28.124  INFO 15964 --- [main] trationDelegate$BeanPostProcessorChecker : Bean 'org.springframework.transaction.annotation.ProxyTransactionManagementConfiguration' of type [org.springframework.transaction.annotation.ProxyTransactionManagementConfiguration$$EnhancerBySpringCGLIB$$2b4628fa] is not eligible for getting processed by all BeanPostProcessors (for example: not eligible for auto-proxying)
2020-10-19 16:36:28.547  WARN 15964 --- [main] io.undertow.websockets.jsr               : UT026010: Buffer pool was not set on WebSocketDeploymentInfo, the default pool will be used
2020-10-19 16:36:28.569  INFO 15964 --- [main] io.undertow.servlet                      : Initializing Spring embedded WebApplicationContext
2020-10-19 16:36:28.569  INFO 15964 --- [main] o.s.web.context.ContextLoader            : Root WebApplicationContext: initialization completed in 1921 ms
2020-10-19 16:36:30.300  INFO 15964 --- [main] o.s.s.web.DefaultSecurityFilterChain     : Creating filter chain: any request, [org.springframework.security.web.context.request.async.WebAsyncManagerIntegrationFilter@359066bc, org.springframework.security.web.context.SecurityContextPersistenceFilter@519c6fcc, org.springframework.security.web.header.HeaderWriterFilter@1f782c05, org.springframework.web.filter.CorsFilter@385dfb63, org.springframework.security.web.authentication.logout.LogoutFilter@68b11545, com.mindskip.xzs.configuration.spring.security.RestLoginAuthenticationFilter@3b8ec001, org.springframework.security.web.authentication.UsernamePasswordAuthenticationFilter@37a9b687, org.springframework.security.web.savedrequest.RequestCacheAwareFilter@7ecda95b, org.springframework.security.web.servletapi.SecurityContextHolderAwareRequestFilter@319642db, org.springframework.security.web.authentication.rememberme.RememberMeAuthenticationFilter@16d07cf3, org.springframework.security.web.authentication.AnonymousAuthenticationFilter@364fd4ae, org.springframework.security.web.session.SessionManagementFilter@432af457, org.springframework.security.web.access.ExceptionTranslationFilter@764b14b8, org.springframework.security.web.access.intercept.FilterSecurityInterceptor@2519026b]
2020-10-19 16:36:30.877  INFO 15964 --- [main] io.lettuce.core.EpollProvider            : Starting without optional epoll library
2020-10-19 16:36:30.879  INFO 15964 --- [main] io.lettuce.core.KqueueProvider           : Starting without optional kqueue library
2020-10-19 16:36:41.272  WARN 15964 --- [main] ConfigServletWebServerApplicationContext : Exception encountered during context initialization - cancelling refresh attempt: org.springframework.beans.factory.BeanCreationException: Error creating bean with name 'enableRedisKeyspaceNotificationsInitializer' defined in class path resource [org/springframework/boot/autoconfigure/session/RedisSessionConfiguration$SpringBootRedisHttpSessionConfiguration.class]: Invocation of init method failed; nested exception is org.springframework.data.redis.connection.PoolException: Could not get a resource from the pool; nested exception is io.lettuce.core.RedisConnectionException: Unable to connect to 192.168.0.96:6379
2020-10-19 16:36:42.398  INFO 15964 --- [main] ConditionEvaluationReportLoggingListener : 

Error starting ApplicationContext. To display the conditions report re-run your application with 'debug' enabled.
2020-10-19 16:36:42.401 ERROR 15964 --- [main] o.s.boot.SpringApplication               : Application run failed

org.springframework.beans.factory.BeanCreationException: Error creating bean with name 'enableRedisKeyspaceNotificationsInitializer' defined in class path resource [org/springframework/boot/autoconfigure/session/RedisSessionConfiguration$SpringBootRedisHttpSessionConfiguration.class]: Invocation of init method failed; nested exception is org.springframework.data.redis.connection.PoolException: Could not get a resource from the pool; nested exception is io.lettuce.core.RedisConnectionException: Unable to connect to 192.168.0.96:6379
	at org.springframework.beans.factory.support.AbstractAutowireCapableBeanFactory.initializeBean(AbstractAutowireCapableBeanFactory.java:1778)
	at org.springframework.beans.factory.support.AbstractAutowireCapableBeanFactory.doCreateBean(AbstractAutowireCapableBeanFactory.java:593)
	at org.springframework.beans.factory.support.AbstractAutowireCapableBeanFactory.createBean(AbstractAutowireCapableBeanFactory.java:515)
	at org.springframework.beans.factory.support.AbstractBeanFactory.lambda$doGetBean$0(AbstractBeanFactory.java:320)
	at org.springframework.beans.factory.support.DefaultSingletonBeanRegistry.getSingleton(DefaultSingletonBeanRegistry.java:222)
	at org.springframework.beans.factory.support.AbstractBeanFactory.doGetBean(AbstractBeanFactory.java:318)
	at org.springframework.beans.factory.support.AbstractBeanFactory.getBean(AbstractBeanFactory.java:199)
	at org.springframework.beans.factory.support.DefaultListableBeanFactory.preInstantiateSingletons(DefaultListableBeanFactory.java:845)
	at org.springframework.context.support.AbstractApplicationContext.finishBeanFactoryInitialization(AbstractApplicationContext.java:877)
	at org.springframework.context.support.AbstractApplicationContext.refresh(AbstractApplicationContext.java:549)
	at org.springframework.boot.web.servlet.context.ServletWebServerApplicationContext.refresh(ServletWebServerApplicationContext.java:140)
	at org.springframework.boot.SpringApplication.refresh(SpringApplication.java:742)
	at org.springframework.boot.SpringApplication.refreshContext(SpringApplication.java:389)
	at org.springframework.boot.SpringApplication.run(SpringApplication.java:311)
	at org.springframework.boot.SpringApplication.run(SpringApplication.java:1213)
	at org.springframework.boot.SpringApplication.run(SpringApplication.java:1202)
	at com.mindskip.xzs.XzsApplication.main(XzsApplication.java:20)
Caused by: org.springframework.data.redis.connection.PoolException: Could not get a resource from the pool; nested exception is io.lettuce.core.RedisConnectionException: Unable to connect to 192.168.0.96:6379
	at org.springframework.data.redis.connection.lettuce.LettucePoolingConnectionProvider.getConnection(LettucePoolingConnectionProvider.java:86)
	at org.springframework.data.redis.connection.lettuce.LettuceConnectionFactory$SharedConnection.getNativeConnection(LettuceConnectionFactory.java:1104)
	at org.springframework.data.redis.connection.lettuce.LettuceConnectionFactory$SharedConnection.getConnection(LettuceConnectionFactory.java:1085)
	at org.springframework.data.redis.connection.lettuce.LettuceConnectionFactory.getSharedConnection(LettuceConnectionFactory.java:866)
	at org.springframework.data.redis.connection.lettuce.LettuceConnectionFactory.getConnection(LettuceConnectionFactory.java:341)
	at org.springframework.session.data.redis.config.annotation.web.http.RedisHttpSessionConfiguration$EnableRedisKeyspaceNotificationsInitializer.afterPropertiesSet(RedisHttpSessionConfiguration.java:302)
	at org.springframework.beans.factory.support.AbstractAutowireCapableBeanFactory.invokeInitMethods(AbstractAutowireCapableBeanFactory.java:1837)
	at org.springframework.beans.factory.support.AbstractAutowireCapableBeanFactory.initializeBean(AbstractAutowireCapableBeanFactory.java:1774)
	... 16 common frames omitted
Caused by: io.lettuce.core.RedisConnectionException: Unable to connect to 192.168.0.96:6379
	at io.lettuce.core.RedisConnectionException.create(RedisConnectionException.java:78)
	at io.lettuce.core.RedisConnectionException.create(RedisConnectionException.java:56)
	at io.lettuce.core.AbstractRedisClient.getConnection(AbstractRedisClient.java:235)
	at io.lettuce.core.RedisClient.connect(RedisClient.java:204)
	at org.springframework.data.redis.connection.lettuce.StandaloneConnectionProvider.lambda$getConnection$1(StandaloneConnectionProvider.java:113)
	at java.util.Optional.orElseGet(Optional.java:267)
	at org.springframework.data.redis.connection.lettuce.StandaloneConnectionProvider.getConnection(StandaloneConnectionProvider.java:113)
	at org.springframework.data.redis.connection.lettuce.LettucePoolingConnectionProvider.lambda$null$0(LettucePoolingConnectionProvider.java:74)
	at io.lettuce.core.support.ConnectionPoolSupport$RedisPooledObjectFactory.create(ConnectionPoolSupport.java:209)
	at io.lettuce.core.support.ConnectionPoolSupport$RedisPooledObjectFactory.create(ConnectionPoolSupport.java:199)
	at org.apache.commons.pool2.BasePooledObjectFactory.makeObject(BasePooledObjectFactory.java:58)
	at org.apache.commons.pool2.impl.GenericObjectPool.create(GenericObjectPool.java:874)
	at org.apache.commons.pool2.impl.GenericObjectPool.borrowObject(GenericObjectPool.java:417)
	at org.apache.commons.pool2.impl.GenericObjectPool.borrowObject(GenericObjectPool.java:346)
	at io.lettuce.core.support.ConnectionPoolSupport$1.borrowObject(ConnectionPoolSupport.java:122)
	at io.lettuce.core.support.ConnectionPoolSupport$1.borrowObject(ConnectionPoolSupport.java:117)
	at org.springframework.data.redis.connection.lettuce.LettucePoolingConnectionProvider.getConnection(LettucePoolingConnectionProvider.java:80)
	... 23 common frames omitted
Caused by: io.netty.channel.ConnectTimeoutException: connection timed out: /192.168.0.96:6379
	at io.netty.channel.nio.AbstractNioChannel$AbstractNioUnsafe$1.run(AbstractNioChannel.java:267)
	at io.netty.util.concurrent.PromiseTask$RunnableAdapter.call(PromiseTask.java:38)
	at io.netty.util.concurrent.ScheduledFutureTask.run(ScheduledFutureTask.java:127)
	at io.netty.util.concurrent.AbstractEventExecutor.safeExecute(AbstractEventExecutor.java:163)
	at io.netty.util.concurrent.SingleThreadEventExecutor.runAllTasks(SingleThreadEventExecutor.java:405)
	at io.netty.channel.nio.NioEventLoop.run(NioEventLoop.java:500)
	at io.netty.util.concurrent.SingleThreadEventExecutor$5.run(SingleThreadEventExecutor.java:906)
	at io.netty.util.internal.ThreadExecutorMap$2.run(ThreadExecutorMap.java:74)
	at io.netty.util.concurrent.FastThreadLocalRunnable.run(FastThreadLocalRunnable.java:30)
	at java.lang.Thread.run(Thread.java:748)

2020-10-19 16:41:38.299  INFO 15536 --- [main] com.mindskip.xzs.XzsApplication          : Starting XzsApplication on DESKTOP-OCPEEVB with PID 15536 (started by wxj in F:\在线考试\xzs-mysql\source\xzs)
2020-10-19 16:41:38.302  INFO 15536 --- [main] com.mindskip.xzs.XzsApplication          : The following profiles are active: dev
2020-10-19 16:41:39.279  INFO 15536 --- [main] .s.d.r.c.RepositoryConfigurationDelegate : Multiple Spring Data modules found, entering strict repository configuration mode!
2020-10-19 16:41:39.282  INFO 15536 --- [main] .s.d.r.c.RepositoryConfigurationDelegate : Bootstrapping Spring Data repositories in DEFAULT mode.
2020-10-19 16:41:39.335  INFO 15536 --- [main] .s.d.r.c.RepositoryConfigurationDelegate : Finished Spring Data repository scanning in 41ms. Found 0 repository interfaces.
2020-10-19 16:41:39.761  INFO 15536 --- [main] trationDelegate$BeanPostProcessorChecker : Bean 'cacheConfig' of type [com.mindskip.xzs.configuration.spring.cache.CacheConfig$$EnhancerBySpringCGLIB$$92e2e9c8] is not eligible for getting processed by all BeanPostProcessors (for example: not eligible for auto-proxying)
2020-10-19 16:41:39.767  INFO 15536 --- [main] trationDelegate$BeanPostProcessorChecker : Bean 'org.springframework.transaction.annotation.ProxyTransactionManagementConfiguration' of type [org.springframework.transaction.annotation.ProxyTransactionManagementConfiguration$$EnhancerBySpringCGLIB$$b99ed987] is not eligible for getting processed by all BeanPostProcessors (for example: not eligible for auto-proxying)
2020-10-19 16:41:40.147  WARN 15536 --- [main] io.undertow.websockets.jsr               : UT026010: Buffer pool was not set on WebSocketDeploymentInfo, the default pool will be used
2020-10-19 16:41:40.165  INFO 15536 --- [main] io.undertow.servlet                      : Initializing Spring embedded WebApplicationContext
2020-10-19 16:41:40.165  INFO 15536 --- [main] o.s.web.context.ContextLoader            : Root WebApplicationContext: initialization completed in 1798 ms
2020-10-19 16:41:42.302  INFO 15536 --- [main] o.s.s.web.DefaultSecurityFilterChain     : Creating filter chain: any request, [org.springframework.security.web.context.request.async.WebAsyncManagerIntegrationFilter@51d0ec6f, org.springframework.security.web.context.SecurityContextPersistenceFilter@4f93bf0a, org.springframework.security.web.header.HeaderWriterFilter@3a7c678b, org.springframework.web.filter.CorsFilter@7bee8621, org.springframework.security.web.authentication.logout.LogoutFilter@77724cbe, com.mindskip.xzs.configuration.spring.security.RestLoginAuthenticationFilter@43d3aba5, org.springframework.security.web.authentication.UsernamePasswordAuthenticationFilter@198536f6, org.springframework.security.web.savedrequest.RequestCacheAwareFilter@656a3d6b, org.springframework.security.web.servletapi.SecurityContextHolderAwareRequestFilter@2519026b, org.springframework.security.web.authentication.rememberme.RememberMeAuthenticationFilter@3a38f122, org.springframework.security.web.authentication.AnonymousAuthenticationFilter@4e0cc334, org.springframework.security.web.session.SessionManagementFilter@1ad9b8d3, org.springframework.security.web.access.ExceptionTranslationFilter@b4732dc, org.springframework.security.web.access.intercept.FilterSecurityInterceptor@43471a7e]
2020-10-19 16:41:42.823  INFO 15536 --- [main] io.lettuce.core.EpollProvider            : Starting without optional epoll library
2020-10-19 16:41:42.824  INFO 15536 --- [main] io.lettuce.core.KqueueProvider           : Starting without optional kqueue library
2020-10-19 16:41:43.903  INFO 15536 --- [main] s.a.ScheduledAnnotationBeanPostProcessor : No TaskScheduler/ScheduledExecutorService bean found for scheduled processing
2020-10-19 16:41:43.936  INFO 15536 --- [main] org.xnio                                 : XNIO version 3.3.8.Final
2020-10-19 16:41:43.945  INFO 15536 --- [main] org.xnio.nio                             : XNIO NIO Implementation Version 3.3.8.Final
2020-10-19 16:41:44.011  INFO 15536 --- [main] o.s.b.w.e.u.UndertowServletWebServer     : Undertow started on port(s) 8000 (http) with context path ''
2020-10-19 16:41:44.013  INFO 15536 --- [main] com.mindskip.xzs.XzsApplication          : Started XzsApplication in 6.125 seconds (JVM running for 6.609)
2020-10-19 16:43:23.536  INFO 11392 --- [main] com.mindskip.xzs.XzsApplication          : Starting XzsApplication on DESKTOP-OCPEEVB with PID 11392 (started by wxj in F:\在线考试\xzs-mysql\source\xzs)
2020-10-19 16:43:23.539  INFO 11392 --- [main] com.mindskip.xzs.XzsApplication          : The following profiles are active: dev
2020-10-19 16:43:24.440  INFO 11392 --- [main] .s.d.r.c.RepositoryConfigurationDelegate : Multiple Spring Data modules found, entering strict repository configuration mode!
2020-10-19 16:43:24.443  INFO 11392 --- [main] .s.d.r.c.RepositoryConfigurationDelegate : Bootstrapping Spring Data repositories in DEFAULT mode.
2020-10-19 16:43:24.488  INFO 11392 --- [main] .s.d.r.c.RepositoryConfigurationDelegate : Finished Spring Data repository scanning in 34ms. Found 0 repository interfaces.
2020-10-19 16:43:24.899  INFO 11392 --- [main] trationDelegate$BeanPostProcessorChecker : Bean 'cacheConfig' of type [com.mindskip.xzs.configuration.spring.cache.CacheConfig$$EnhancerBySpringCGLIB$$1da1f26] is not eligible for getting processed by all BeanPostProcessors (for example: not eligible for auto-proxying)
2020-10-19 16:43:24.905  INFO 11392 --- [main] trationDelegate$BeanPostProcessorChecker : Bean 'org.springframework.transaction.annotation.ProxyTransactionManagementConfiguration' of type [org.springframework.transaction.annotation.ProxyTransactionManagementConfiguration$$EnhancerBySpringCGLIB$$28960ee5] is not eligible for getting processed by all BeanPostProcessors (for example: not eligible for auto-proxying)
2020-10-19 16:43:25.273  WARN 11392 --- [main] io.undertow.websockets.jsr               : UT026010: Buffer pool was not set on WebSocketDeploymentInfo, the default pool will be used
2020-10-19 16:43:25.290  INFO 11392 --- [main] io.undertow.servlet                      : Initializing Spring embedded WebApplicationContext
2020-10-19 16:43:25.290  INFO 11392 --- [main] o.s.web.context.ContextLoader            : Root WebApplicationContext: initialization completed in 1662 ms
2020-10-19 16:43:26.823  INFO 11392 --- [main] o.s.s.web.DefaultSecurityFilterChain     : Creating filter chain: any request, [org.springframework.security.web.context.request.async.WebAsyncManagerIntegrationFilter@4f93bf0a, org.springframework.security.web.context.SecurityContextPersistenceFilter@6909f6be, org.springframework.security.web.header.HeaderWriterFilter@50110971, org.springframework.web.filter.CorsFilter@322204dc, org.springframework.security.web.authentication.logout.LogoutFilter@3421debd, com.mindskip.xzs.configuration.spring.security.RestLoginAuthenticationFilter@6a916402, org.springframework.security.web.authentication.UsernamePasswordAuthenticationFilter@69f2cb04, org.springframework.security.web.savedrequest.RequestCacheAwareFilter@315c081, org.springframework.security.web.servletapi.SecurityContextHolderAwareRequestFilter@4bb1b96b, org.springframework.security.web.authentication.rememberme.RememberMeAuthenticationFilter@b4732dc, org.springframework.security.web.authentication.AnonymousAuthenticationFilter@656a3d6b, org.springframework.security.web.session.SessionManagementFilter@6661d8c0, org.springframework.security.web.access.ExceptionTranslationFilter@59c500f7, org.springframework.security.web.access.intercept.FilterSecurityInterceptor@5f61371d]
2020-10-19 16:43:27.320  INFO 11392 --- [main] io.lettuce.core.EpollProvider            : Starting without optional epoll library
2020-10-19 16:43:27.322  INFO 11392 --- [main] io.lettuce.core.KqueueProvider           : Starting without optional kqueue library
2020-10-19 16:43:28.374  INFO 11392 --- [main] s.a.ScheduledAnnotationBeanPostProcessor : No TaskScheduler/ScheduledExecutorService bean found for scheduled processing
2020-10-19 16:43:28.397  INFO 11392 --- [main] org.xnio                                 : XNIO version 3.3.8.Final
2020-10-19 16:43:28.404  INFO 11392 --- [main] org.xnio.nio                             : XNIO NIO Implementation Version 3.3.8.Final
2020-10-19 16:43:28.450  INFO 11392 --- [main] o.s.b.w.e.u.UndertowServletWebServer     : Undertow started on port(s) 8000 (http) with context path ''
2020-10-19 16:43:28.452  INFO 11392 --- [main] com.mindskip.xzs.XzsApplication          : Started XzsApplication in 5.428 seconds (JVM running for 5.88)
2020-10-19 16:43:51.198  INFO 11392 --- [XNIO-1 task-1] io.undertow.servlet                      : Initializing Spring DispatcherServlet 'dispatcherServlet'
2020-10-19 16:43:51.199  INFO 11392 --- [XNIO-1 task-1] o.s.web.servlet.DispatcherServlet        : Initializing Servlet 'dispatcherServlet'
2020-10-19 16:43:51.213  INFO 11392 --- [XNIO-1 task-1] o.s.web.servlet.DispatcherServlet        : Completed initialization in 14 ms
2020-10-19 16:43:53.511  INFO 11392 --- [XNIO-1 task-6] com.zaxxer.hikari.HikariDataSource       : HikariPool-1 - Starting...
2020-10-19 16:43:53.707  INFO 11392 --- [XNIO-1 task-6] com.zaxxer.hikari.HikariDataSource       : HikariPool-1 - Start completed.
2020-10-19 16:43:53.715 DEBUG 11392 --- [XNIO-1 task-6] r.c.m.x.r.UserMapper.getUserByUserName   : ==>  Preparing: select id, user_uuid, user_name, password, real_name, age, sex, birth_day, user_level, phone, role, status, image_path, create_time, modify_time, last_active_time, deleted, wx_open_id from t_user where deleted=0 and user_name=? limit 1 
2020-10-19 16:43:53.741 DEBUG 11392 --- [XNIO-1 task-6] r.c.m.x.r.UserMapper.getUserByUserName   : ==> Parameters: wxj(String)
2020-10-19 16:43:53.772 DEBUG 11392 --- [XNIO-1 task-6] r.c.m.x.r.UserMapper.getUserByUserName   : <==      Total: 1
2020-10-19 16:43:54.121 DEBUG 11392 --- [XNIO-1 task-6] r.c.m.x.r.U.insertSelective              : ==>  Preparing: insert into t_user_event_log ( user_id, user_name, real_name, content, create_time ) values ( ?, ?, ?, ?, ? ) 
2020-10-19 16:43:54.123 DEBUG 11392 --- [XNIO-1 task-6] r.c.m.x.r.U.insertSelective              : ==> Parameters: 3(Integer), wxj(String), 吴晓洁(String), wxj 登录了学之思考试系统(String), 2020-10-19 16:43:54.094(Timestamp)
2020-10-19 16:43:54.135 DEBUG 11392 --- [XNIO-1 task-6] r.c.m.x.r.U.insertSelective              : <==    Updates: 1
2020-10-19 16:43:54.257 DEBUG 11392 --- [XNIO-1 task-10] r.c.m.x.r.T.getByGradeLevel              : ==>  Preparing: select id, title, grade_level, frame_text_content_id, create_user, create_time, deleted, create_user_name from t_task_exam where deleted=0 and grade_level = ? 
2020-10-19 16:43:54.258 DEBUG 11392 --- [XNIO-1 task-10] r.c.m.x.r.T.getByGradeLevel              : ==> Parameters: 7(Integer)
2020-10-19 16:43:54.260 DEBUG 11392 --- [XNIO-1 task-7] r.c.m.x.r.MessageUserMapper.unReadCount  : ==>  Preparing: select count(*) from t_message_user where readed='f' and receive_user_id = ? 
2020-10-19 16:43:54.261 DEBUG 11392 --- [XNIO-1 task-7] r.c.m.x.r.MessageUserMapper.unReadCount  : ==> Parameters: 3(Integer)
2020-10-19 16:43:54.263 DEBUG 11392 --- [XNIO-1 task-10] r.c.m.x.r.T.getByGradeLevel              : <==      Total: 1
2020-10-19 16:43:54.266 DEBUG 11392 --- [XNIO-1 task-7] r.c.m.x.r.MessageUserMapper.unReadCount  : <==      Total: 1
2020-10-19 16:43:54.267 DEBUG 11392 --- [XNIO-1 task-9] r.c.m.x.r.ExamPaperMapper.indexPaper     : ==>  Preparing: SELECT id,name,limit_start_time,limit_end_time FROM t_exam_paper WHERE deleted=0 and paper_type= ? and grade_level=? ORDER BY id desc limit 5 
2020-10-19 16:43:54.267 DEBUG 11392 --- [XNIO-1 task-9] r.c.m.x.r.ExamPaperMapper.indexPaper     : ==> Parameters: 1(Integer), 7(Integer)
2020-10-19 16:43:54.270 DEBUG 11392 --- [XNIO-1 task-9] r.c.m.x.r.ExamPaperMapper.indexPaper     : <==      Total: 1
2020-10-19 16:43:54.270 DEBUG 11392 --- [XNIO-1 task-10] r.c.m.x.r.T.selectByTUid                 : ==>  Preparing: select id, task_exam_id, create_user, create_time, text_content_id from t_task_exam_customer_answer where create_user=? and task_exam_id in ( ? ) 
2020-10-19 16:43:54.271 DEBUG 11392 --- [XNIO-1 task-10] r.c.m.x.r.T.selectByTUid                 : ==> Parameters: 3(Integer), 2(Integer)
2020-10-19 16:43:54.272 DEBUG 11392 --- [XNIO-1 task-9] r.c.m.x.r.ExamPaperMapper.indexPaper     : ==>  Preparing: SELECT id,name,limit_start_time,limit_end_time FROM t_exam_paper WHERE deleted=0 and paper_type= ? and grade_level=? and ? between limit_start_time and limit_end_time ORDER BY id desc limit 5 
2020-10-19 16:43:54.273 DEBUG 11392 --- [XNIO-1 task-9] r.c.m.x.r.ExamPaperMapper.indexPaper     : ==> Parameters: 4(Integer), 7(Integer), 2020-10-19 16:43:54.271(Timestamp)
2020-10-19 16:43:54.276 DEBUG 11392 --- [XNIO-1 task-9] r.c.m.x.r.ExamPaperMapper.indexPaper     : <==      Total: 1
2020-10-19 16:43:54.276 DEBUG 11392 --- [XNIO-1 task-10] r.c.m.x.r.T.selectByTUid                 : <==      Total: 1
2020-10-19 16:43:54.280 DEBUG 11392 --- [XNIO-1 task-10] r.c.m.x.r.T.selectByPrimaryKey           : ==>  Preparing: select id, content, create_time from t_text_content where id = ? 
2020-10-19 16:43:54.281 DEBUG 11392 --- [XNIO-1 task-10] r.c.m.x.r.T.selectByPrimaryKey           : ==> Parameters: 6(Integer)
2020-10-19 16:43:54.285 DEBUG 11392 --- [XNIO-1 task-10] r.c.m.x.r.T.selectByPrimaryKey           : <==      Total: 1
2020-10-19 16:43:54.307 DEBUG 11392 --- [XNIO-1 task-10] r.c.m.x.r.T.selectByPrimaryKey           : ==>  Preparing: select id, content, create_time from t_text_content where id = ? 
2020-10-19 16:43:54.309 DEBUG 11392 --- [XNIO-1 task-10] r.c.m.x.r.T.selectByPrimaryKey           : ==> Parameters: 7(Integer)
2020-10-19 16:43:54.312 DEBUG 11392 --- [XNIO-1 task-10] r.c.m.x.r.T.selectByPrimaryKey           : <==      Total: 1
2020-10-19 16:44:30.717 DEBUG 11392 --- [XNIO-1 task-12] r.c.m.x.r.UserMapper.getUserByUserName   : ==>  Preparing: select id, user_uuid, user_name, password, real_name, age, sex, birth_day, user_level, phone, role, status, image_path, create_time, modify_time, last_active_time, deleted, wx_open_id from t_user where deleted=0 and user_name=? limit 1 
2020-10-19 16:44:30.717 DEBUG 11392 --- [XNIO-1 task-12] r.c.m.x.r.UserMapper.getUserByUserName   : ==> Parameters: admin(String)
2020-10-19 16:44:30.719 DEBUG 11392 --- [XNIO-1 task-12] r.c.m.x.r.UserMapper.getUserByUserName   : <==      Total: 1
2020-10-19 16:44:30.726 DEBUG 11392 --- [XNIO-1 task-12] r.c.m.x.r.U.insertSelective              : ==>  Preparing: insert into t_user_event_log ( user_id, user_name, real_name, content, create_time ) values ( ?, ?, ?, ?, ? ) 
2020-10-19 16:44:30.727 DEBUG 11392 --- [XNIO-1 task-12] r.c.m.x.r.U.insertSelective              : ==> Parameters: 2(Integer), admin(String), 管理员(String), admin 登录了学之思考试系统(String), 2020-10-19 16:44:30.725(Timestamp)
2020-10-19 16:44:30.734 DEBUG 11392 --- [XNIO-1 task-12] r.c.m.x.r.U.insertSelective              : <==    Updates: 1
2020-10-19 16:44:30.804 DEBUG 11392 --- [XNIO-1 task-13] r.c.m.x.r.E.selectAllCount               : ==>  Preparing: SELECT count(*) from t_exam_paper where deleted=0 
2020-10-19 16:44:30.805 DEBUG 11392 --- [XNIO-1 task-13] r.c.m.x.r.E.selectAllCount               : ==> Parameters: 
2020-10-19 16:44:30.806 DEBUG 11392 --- [XNIO-1 task-13] r.c.m.x.r.E.selectAllCount               : <==      Total: 1
2020-10-19 16:44:30.807 DEBUG 11392 --- [XNIO-1 task-13] r.c.m.x.r.QuestionMapper.selectAllCount  : ==>  Preparing: SELECT count(*) from t_question where deleted=0 
2020-10-19 16:44:30.807 DEBUG 11392 --- [XNIO-1 task-13] r.c.m.x.r.QuestionMapper.selectAllCount  : ==> Parameters: 
2020-10-19 16:44:30.809 DEBUG 11392 --- [XNIO-1 task-13] r.c.m.x.r.QuestionMapper.selectAllCount  : <==      Total: 1
2020-10-19 16:44:30.811 DEBUG 11392 --- [XNIO-1 task-13] r.c.m.x.r.E.selectAllCount               : ==>  Preparing: SELECT count(*) from t_exam_paper_answer 
2020-10-19 16:44:30.812 DEBUG 11392 --- [XNIO-1 task-13] r.c.m.x.r.E.selectAllCount               : ==> Parameters: 
2020-10-19 16:44:30.813 DEBUG 11392 --- [XNIO-1 task-13] r.c.m.x.r.E.selectAllCount               : <==      Total: 1
2020-10-19 16:44:30.814 DEBUG 11392 --- [XNIO-1 task-13] r.c.m.x.r.E.selectAllCount               : ==>  Preparing: SELECT count(*) from t_exam_paper_question_customer_answer 
2020-10-19 16:44:30.815 DEBUG 11392 --- [XNIO-1 task-13] r.c.m.x.r.E.selectAllCount               : ==> Parameters: 
2020-10-19 16:44:30.816 DEBUG 11392 --- [XNIO-1 task-13] r.c.m.x.r.E.selectAllCount               : <==      Total: 1
2020-10-19 16:44:30.820 DEBUG 11392 --- [XNIO-1 task-13] r.c.m.x.r.U.selectCountByDate            : ==>  Preparing: SELECT create_time as name,COUNT(create_time) as value from ( SELECT DATE_FORMAT(create_time,'%Y-%m-%d') as create_time from t_user_event_log WHERE create_time between ? and ? ) a GROUP BY create_time 
2020-10-19 16:44:30.821 DEBUG 11392 --- [XNIO-1 task-13] r.c.m.x.r.U.selectCountByDate            : ==> Parameters: 2020-10-01 00:00:00.0(Timestamp), 2020-10-31 23:59:59.0(Timestamp)
2020-10-19 16:44:30.830 DEBUG 11392 --- [XNIO-1 task-13] r.c.m.x.r.U.selectCountByDate            : <==      Total: 2
2020-10-19 16:44:30.833 DEBUG 11392 --- [XNIO-1 task-13] r.c.m.x.r.E.selectCountByDate            : ==>  Preparing: SELECT create_time as name,COUNT(create_time) as value from ( SELECT DATE_FORMAT(create_time,'%Y-%m-%d') as create_time from t_exam_paper_question_customer_answer WHERE create_time between ? and ? ) a GROUP BY create_time 
2020-10-19 16:44:30.834 DEBUG 11392 --- [XNIO-1 task-13] r.c.m.x.r.E.selectCountByDate            : ==> Parameters: 2020-10-01 00:00:00.0(Timestamp), 2020-10-31 23:59:59.0(Timestamp)
2020-10-19 16:44:30.835 DEBUG 11392 --- [XNIO-1 task-13] r.c.m.x.r.E.selectCountByDate            : <==      Total: 2
