2020-10-27 09:31:19.489  INFO 2888 --- [main] com.mindskip.xzs.XzsApplication          : Starting XzsApplication on DESKTOP-OCPEEVB with PID 2888 (started by wxj in F:\在线考试\xzs-mysql\source\xzs)
2020-10-27 09:31:19.493  INFO 2888 --- [main] com.mindskip.xzs.XzsApplication          : The following profiles are active: dev
2020-10-27 09:31:20.622  INFO 2888 --- [main] .s.d.r.c.RepositoryConfigurationDelegate : Multiple Spring Data modules found, entering strict repository configuration mode!
2020-10-27 09:31:20.626  INFO 2888 --- [main] .s.d.r.c.RepositoryConfigurationDelegate : Bootstrapping Spring Data repositories in DEFAULT mode.
2020-10-27 09:31:20.683  INFO 2888 --- [main] .s.d.r.c.RepositoryConfigurationDelegate : Finished Spring Data repository scanning in 38ms. Found 0 repository interfaces.
2020-10-27 09:31:21.089  INFO 2888 --- [main] trationDelegate$BeanPostProcessorChecker : Bean 'cacheConfig' of type [com.mindskip.xzs.configuration.spring.cache.CacheConfig$$EnhancerBySpringCGLIB$$6fd4147] is not eligible for getting processed by all BeanPostProcessors (for example: not eligible for auto-proxying)
2020-10-27 09:31:21.095  INFO 2888 --- [main] trationDelegate$BeanPostProcessorChecker : Bean 'org.springframework.transaction.annotation.ProxyTransactionManagementConfiguration' of type [org.springframework.transaction.annotation.ProxyTransactionManagementConfiguration$$EnhancerBySpringCGLIB$$2db93106] is not eligible for getting processed by all BeanPostProcessors (for example: not eligible for auto-proxying)
2020-10-27 09:31:21.499  WARN 2888 --- [main] io.undertow.websockets.jsr               : UT026010: Buffer pool was not set on WebSocketDeploymentInfo, the default pool will be used
2020-10-27 09:31:21.523  INFO 2888 --- [main] io.undertow.servlet                      : Initializing Spring embedded WebApplicationContext
2020-10-27 09:31:21.523  INFO 2888 --- [main] o.s.web.context.ContextLoader            : Root WebApplicationContext: initialization completed in 1911 ms
2020-10-27 09:31:23.404  INFO 2888 --- [main] o.s.s.web.DefaultSecurityFilterChain     : Creating filter chain: any request, [org.springframework.security.web.context.request.async.WebAsyncManagerIntegrationFilter@32a4ecbe, org.springframework.security.web.context.SecurityContextPersistenceFilter@149b4d20, org.springframework.security.web.header.HeaderWriterFilter@65c5bf0e, org.springframework.web.filter.CorsFilter@2e71240b, org.springframework.security.web.authentication.logout.LogoutFilter@5f61371d, com.mindskip.xzs.configuration.spring.security.RestLoginAuthenticationFilter@6bcc3f27, org.springframework.security.web.authentication.UsernamePasswordAuthenticationFilter@8054fe2, org.springframework.security.web.savedrequest.RequestCacheAwareFilter@4d93f75b, org.springframework.security.web.servletapi.SecurityContextHolderAwareRequestFilter@251c4280, org.springframework.security.web.authentication.rememberme.RememberMeAuthenticationFilter@48268eec, org.springframework.security.web.authentication.AnonymousAuthenticationFilter@23cd5d42, org.springframework.security.web.session.SessionManagementFilter@5d05f453, org.springframework.security.web.access.ExceptionTranslationFilter@40ce9049, org.springframework.security.web.access.intercept.FilterSecurityInterceptor@7d42404e]
2020-10-27 09:31:24.160  INFO 2888 --- [main] io.lettuce.core.EpollProvider            : Starting without optional epoll library
2020-10-27 09:31:24.162  INFO 2888 --- [main] io.lettuce.core.KqueueProvider           : Starting without optional kqueue library
2020-10-27 09:31:25.247  INFO 2888 --- [main] s.a.ScheduledAnnotationBeanPostProcessor : No TaskScheduler/ScheduledExecutorService bean found for scheduled processing
2020-10-27 09:31:25.306  INFO 2888 --- [main] org.xnio                                 : XNIO version 3.3.8.Final
2020-10-27 09:31:25.317  INFO 2888 --- [main] org.xnio.nio                             : XNIO NIO Implementation Version 3.3.8.Final
2020-10-27 09:31:25.375  INFO 2888 --- [main] o.s.b.w.e.u.UndertowServletWebServer     : Undertow started on port(s) 8000 (http) with context path ''
2020-10-27 09:31:25.379  INFO 2888 --- [main] com.mindskip.xzs.XzsApplication          : Started XzsApplication in 6.485 seconds (JVM running for 7.079)
2020-10-27 09:31:33.317  INFO 2888 --- [XNIO-1 task-1] io.undertow.servlet                      : Initializing Spring DispatcherServlet 'dispatcherServlet'
2020-10-27 09:31:33.318  INFO 2888 --- [XNIO-1 task-1] o.s.web.servlet.DispatcherServlet        : Initializing Servlet 'dispatcherServlet'
2020-10-27 09:31:33.327  INFO 2888 --- [XNIO-1 task-1] o.s.web.servlet.DispatcherServlet        : Completed initialization in 9 ms
2020-10-27 09:31:33.394  INFO 2888 --- [XNIO-1 task-1] com.zaxxer.hikari.HikariDataSource       : HikariPool-1 - Starting...
2020-10-27 09:31:33.662  INFO 2888 --- [XNIO-1 task-1] com.zaxxer.hikari.HikariDataSource       : HikariPool-1 - Start completed.
2020-10-27 09:31:33.668 DEBUG 2888 --- [XNIO-1 task-1] r.c.m.x.r.UserMapper.getUserByUserName   : ==>  Preparing: select id, user_uuid, user_name, password, real_name, age, sex, birth_day, user_level, phone, role, status, image_path, create_time, modify_time, last_active_time, deleted, wx_open_id from t_user where deleted=0 and user_name=? limit 1 
2020-10-27 09:31:33.690 DEBUG 2888 --- [XNIO-1 task-1] r.c.m.x.r.UserMapper.getUserByUserName   : ==> Parameters: admin(String)
2020-10-27 09:31:33.720 DEBUG 2888 --- [XNIO-1 task-1] r.c.m.x.r.UserMapper.getUserByUserName   : <==      Total: 1
2020-10-27 09:31:44.982 DEBUG 2888 --- [XNIO-1 task-6] r.c.m.x.r.UserMapper.getUserByUserName   : ==>  Preparing: select id, user_uuid, user_name, password, real_name, age, sex, birth_day, user_level, phone, role, status, image_path, create_time, modify_time, last_active_time, deleted, wx_open_id from t_user where deleted=0 and user_name=? limit 1 
2020-10-27 09:31:44.983 DEBUG 2888 --- [XNIO-1 task-6] r.c.m.x.r.UserMapper.getUserByUserName   : ==> Parameters: wxj(String)
2020-10-27 09:31:44.984 DEBUG 2888 --- [XNIO-1 task-6] r.c.m.x.r.UserMapper.getUserByUserName   : <==      Total: 1
2020-10-27 09:31:45.014 DEBUG 2888 --- [XNIO-1 task-6] r.c.m.x.r.U.insertSelective              : ==>  Preparing: insert into t_user_event_log ( user_id, user_name, real_name, content, create_time ) values ( ?, ?, ?, ?, ? ) 
2020-10-27 09:31:45.016 DEBUG 2888 --- [XNIO-1 task-6] r.c.m.x.r.U.insertSelective              : ==> Parameters: 3(Integer), wxj(String), 吴晓洁(String), wxj 登录了小帮手(String), 2020-10-27 09:31:44.992(Timestamp)
2020-10-27 09:31:45.025 DEBUG 2888 --- [XNIO-1 task-6] r.c.m.x.r.U.insertSelective              : <==    Updates: 1
2020-10-27 09:31:45.103 DEBUG 2888 --- [XNIO-1 task-10] r.c.m.x.r.T.getByGradeLevel              : ==>  Preparing: select id, title, grade_level, frame_text_content_id, create_user, create_time, deleted, create_user_name from t_task_exam where deleted=0 and grade_level = ? 
2020-10-27 09:31:45.104 DEBUG 2888 --- [XNIO-1 task-10] r.c.m.x.r.T.getByGradeLevel              : ==> Parameters: 7(Integer)
2020-10-27 09:31:45.107 DEBUG 2888 --- [XNIO-1 task-7] r.c.m.x.r.MessageUserMapper.unReadCount  : ==>  Preparing: select count(*) from t_message_user where readed='f' and receive_user_id = ? 
2020-10-27 09:31:45.108 DEBUG 2888 --- [XNIO-1 task-7] r.c.m.x.r.MessageUserMapper.unReadCount  : ==> Parameters: 3(Integer)
2020-10-27 09:31:45.109 DEBUG 2888 --- [XNIO-1 task-10] r.c.m.x.r.T.getByGradeLevel              : <==      Total: 1
2020-10-27 09:31:45.116 DEBUG 2888 --- [XNIO-1 task-7] r.c.m.x.r.MessageUserMapper.unReadCount  : <==      Total: 1
2020-10-27 09:31:45.118 DEBUG 2888 --- [XNIO-1 task-10] r.c.m.x.r.T.selectByTUid                 : ==>  Preparing: select id, task_exam_id, create_user, create_time, text_content_id from t_task_exam_customer_answer where create_user=? and task_exam_id in ( ? ) 
2020-10-27 09:31:45.119 DEBUG 2888 --- [XNIO-1 task-10] r.c.m.x.r.T.selectByTUid                 : ==> Parameters: 3(Integer), 2(Integer)
2020-10-27 09:31:45.124 DEBUG 2888 --- [XNIO-1 task-10] r.c.m.x.r.T.selectByTUid                 : <==      Total: 1
2020-10-27 09:31:45.130 DEBUG 2888 --- [XNIO-1 task-10] r.c.m.x.r.T.selectByPrimaryKey           : ==>  Preparing: select id, content, create_time from t_text_content where id = ? 
2020-10-27 09:31:45.129 DEBUG 2888 --- [XNIO-1 task-9] r.c.m.x.r.ExamPaperMapper.indexPaper     : ==>  Preparing: SELECT id,name,limit_start_time,limit_end_time FROM t_exam_paper WHERE deleted=0 and paper_type= ? and grade_level=? ORDER BY id desc limit 5 
2020-10-27 09:31:45.130 DEBUG 2888 --- [XNIO-1 task-10] r.c.m.x.r.T.selectByPrimaryKey           : ==> Parameters: 6(Integer)
2020-10-27 09:31:45.131 DEBUG 2888 --- [XNIO-1 task-9] r.c.m.x.r.ExamPaperMapper.indexPaper     : ==> Parameters: 1(Integer), 7(Integer)
2020-10-27 09:31:45.134 DEBUG 2888 --- [XNIO-1 task-9] r.c.m.x.r.ExamPaperMapper.indexPaper     : <==      Total: 1
2020-10-27 09:31:45.134 DEBUG 2888 --- [XNIO-1 task-10] r.c.m.x.r.T.selectByPrimaryKey           : <==      Total: 1
2020-10-27 09:31:45.135 DEBUG 2888 --- [XNIO-1 task-9] r.c.m.x.r.ExamPaperMapper.indexPaper     : ==>  Preparing: SELECT id,name,limit_start_time,limit_end_time FROM t_exam_paper WHERE deleted=0 and paper_type= ? and grade_level=? and ? between limit_start_time and limit_end_time ORDER BY id desc limit 5 
2020-10-27 09:31:45.136 DEBUG 2888 --- [XNIO-1 task-9] r.c.m.x.r.ExamPaperMapper.indexPaper     : ==> Parameters: 4(Integer), 7(Integer), 2020-10-27 09:31:45.134(Timestamp)
2020-10-27 09:31:45.139 DEBUG 2888 --- [XNIO-1 task-9] r.c.m.x.r.ExamPaperMapper.indexPaper     : <==      Total: 1
2020-10-27 09:31:45.161 DEBUG 2888 --- [XNIO-1 task-10] r.c.m.x.r.T.selectByPrimaryKey           : ==>  Preparing: select id, content, create_time from t_text_content where id = ? 
2020-10-27 09:31:45.161 DEBUG 2888 --- [XNIO-1 task-10] r.c.m.x.r.T.selectByPrimaryKey           : ==> Parameters: 7(Integer)
2020-10-27 09:31:45.164 DEBUG 2888 --- [XNIO-1 task-10] r.c.m.x.r.T.selectByPrimaryKey           : <==      Total: 1
2020-10-27 09:40:05.286 DEBUG 2888 --- [XNIO-1 task-13] r.c.m.x.r.U.insertSelective              : ==>  Preparing: insert into t_user_event_log ( user_id, user_name, real_name, content, create_time ) values ( ?, ?, ?, ?, ? ) 
2020-10-27 09:40:05.287 DEBUG 2888 --- [XNIO-1 task-13] r.c.m.x.r.U.insertSelective              : ==> Parameters: 2(Integer), admin(String), 管理员(String), admin 登录了小帮手(String), 2020-10-27 09:40:05.284(Timestamp)
2020-10-27 09:40:05.295 DEBUG 2888 --- [XNIO-1 task-13] r.c.m.x.r.U.insertSelective              : <==    Updates: 1
2020-10-27 09:40:05.379 DEBUG 2888 --- [XNIO-1 task-14] r.c.m.x.r.E.selectAllCount               : ==>  Preparing: SELECT count(*) from t_exam_paper where deleted=0 
2020-10-27 09:40:05.379 DEBUG 2888 --- [XNIO-1 task-14] r.c.m.x.r.E.selectAllCount               : ==> Parameters: 
2020-10-27 09:40:05.380 DEBUG 2888 --- [XNIO-1 task-14] r.c.m.x.r.E.selectAllCount               : <==      Total: 1
2020-10-27 09:40:05.380 DEBUG 2888 --- [XNIO-1 task-14] r.c.m.x.r.QuestionMapper.selectAllCount  : ==>  Preparing: SELECT count(*) from t_question where deleted=0 
2020-10-27 09:40:05.380 DEBUG 2888 --- [XNIO-1 task-14] r.c.m.x.r.QuestionMapper.selectAllCount  : ==> Parameters: 
2020-10-27 09:40:05.398 DEBUG 2888 --- [XNIO-1 task-14] r.c.m.x.r.QuestionMapper.selectAllCount  : <==      Total: 1
2020-10-27 09:40:05.399 DEBUG 2888 --- [XNIO-1 task-14] r.c.m.x.r.E.selectAllCount               : ==>  Preparing: SELECT count(*) from t_exam_paper_answer 
2020-10-27 09:40:05.399 DEBUG 2888 --- [XNIO-1 task-14] r.c.m.x.r.E.selectAllCount               : ==> Parameters: 
2020-10-27 09:40:05.408 DEBUG 2888 --- [XNIO-1 task-14] r.c.m.x.r.E.selectAllCount               : <==      Total: 1
2020-10-27 09:40:05.409 DEBUG 2888 --- [XNIO-1 task-14] r.c.m.x.r.E.selectAllCount               : ==>  Preparing: SELECT count(*) from t_exam_paper_question_customer_answer 
2020-10-27 09:40:05.409 DEBUG 2888 --- [XNIO-1 task-14] r.c.m.x.r.E.selectAllCount               : ==> Parameters: 
2020-10-27 09:40:05.416 DEBUG 2888 --- [XNIO-1 task-14] r.c.m.x.r.E.selectAllCount               : <==      Total: 1
2020-10-27 09:40:05.419 DEBUG 2888 --- [XNIO-1 task-14] r.c.m.x.r.U.selectCountByDate            : ==>  Preparing: SELECT create_time as name,COUNT(create_time) as value from ( SELECT DATE_FORMAT(create_time,'%Y-%m-%d') as create_time from t_user_event_log WHERE create_time between ? and ? ) a GROUP BY create_time 
2020-10-27 09:40:05.421 DEBUG 2888 --- [XNIO-1 task-14] r.c.m.x.r.U.selectCountByDate            : ==> Parameters: 2020-10-01 00:00:00.0(Timestamp), 2020-10-31 23:59:59.0(Timestamp)
2020-10-27 09:40:05.432 DEBUG 2888 --- [XNIO-1 task-14] r.c.m.x.r.U.selectCountByDate            : <==      Total: 7
2020-10-27 09:40:05.435 DEBUG 2888 --- [XNIO-1 task-14] r.c.m.x.r.E.selectCountByDate            : ==>  Preparing: SELECT create_time as name,COUNT(create_time) as value from ( SELECT DATE_FORMAT(create_time,'%Y-%m-%d') as create_time from t_exam_paper_question_customer_answer WHERE create_time between ? and ? ) a GROUP BY create_time 
2020-10-27 09:40:05.437 DEBUG 2888 --- [XNIO-1 task-14] r.c.m.x.r.E.selectCountByDate            : ==> Parameters: 2020-10-01 00:00:00.0(Timestamp), 2020-10-31 23:59:59.0(Timestamp)
2020-10-27 09:40:05.439 DEBUG 2888 --- [XNIO-1 task-14] r.c.m.x.r.E.selectCountByDate            : <==      Total: 4
2020-10-27 09:43:11.915 DEBUG 2888 --- [XNIO-1 task-15] r.c.m.x.r.SubjectMapper.page_COUNT       : ==>  Preparing: SELECT count(0) FROM t_subject WHERE deleted = 0 
2020-10-27 09:43:11.915 DEBUG 2888 --- [XNIO-1 task-15] r.c.m.x.r.SubjectMapper.page_COUNT       : ==> Parameters: 
2020-10-27 09:43:11.922 DEBUG 2888 --- [XNIO-1 task-15] r.c.m.x.r.SubjectMapper.page_COUNT       : <==      Total: 1
2020-10-27 09:43:11.927 DEBUG 2888 --- [XNIO-1 task-15] r.c.m.xzs.repository.SubjectMapper.page  : ==>  Preparing: SELECT id, name, level, level_name, item_order, deleted FROM t_subject WHERE deleted = 0 order by id desc LIMIT ? 
2020-10-27 09:43:11.928 DEBUG 2888 --- [XNIO-1 task-15] r.c.m.xzs.repository.SubjectMapper.page  : ==> Parameters: 10(Integer)
2020-10-27 09:43:11.931 DEBUG 2888 --- [XNIO-1 task-15] r.c.m.xzs.repository.SubjectMapper.page  : <==      Total: 6
2020-10-27 09:44:17.035 DEBUG 2888 --- [XNIO-1 task-16] r.c.m.x.r.SubjectMapper.allSubject       : ==>  Preparing: select id, name, level, level_name, item_order, deleted from t_subject 
2020-10-27 09:44:17.035 DEBUG 2888 --- [XNIO-1 task-16] r.c.m.x.r.SubjectMapper.allSubject       : ==> Parameters: 
2020-10-27 09:44:17.036 DEBUG 2888 --- [XNIO-1 task-16] r.c.m.x.r.SubjectMapper.allSubject       : <==      Total: 6
2020-10-27 09:44:17.040 DEBUG 2888 --- [XNIO-1 task-17] r.c.m.x.r.ExamPaperMapper.page_COUNT     : ==>  Preparing: SELECT count(0) FROM t_exam_paper WHERE deleted = 0 
2020-10-27 09:44:17.040 DEBUG 2888 --- [XNIO-1 task-17] r.c.m.x.r.ExamPaperMapper.page_COUNT     : ==> Parameters: 
2020-10-27 09:44:17.040 DEBUG 2888 --- [XNIO-1 task-17] r.c.m.x.r.ExamPaperMapper.page_COUNT     : <==      Total: 1
2020-10-27 09:44:17.042 DEBUG 2888 --- [XNIO-1 task-17] r.c.m.x.repository.ExamPaperMapper.page  : ==>  Preparing: SELECT id, name, subject_id, paper_type, grade_level, score, question_count, suggest_time, limit_start_time, limit_end_time, frame_text_content_id, create_user, create_time, deleted, task_exam_id FROM t_exam_paper WHERE deleted = 0 order by id desc LIMIT ? 
2020-10-27 09:44:17.043 DEBUG 2888 --- [XNIO-1 task-17] r.c.m.x.repository.ExamPaperMapper.page  : ==> Parameters: 10(Integer)
2020-10-27 09:44:17.045 DEBUG 2888 --- [XNIO-1 task-17] r.c.m.x.repository.ExamPaperMapper.page  : <==      Total: 4
2020-10-27 09:44:19.151 DEBUG 2888 --- [XNIO-1 task-18] r.c.m.x.r.SubjectMapper.allSubject       : ==>  Preparing: select id, name, level, level_name, item_order, deleted from t_subject 
2020-10-27 09:44:19.151 DEBUG 2888 --- [XNIO-1 task-18] r.c.m.x.r.SubjectMapper.allSubject       : ==> Parameters: 
2020-10-27 09:44:19.153 DEBUG 2888 --- [XNIO-1 task-18] r.c.m.x.r.SubjectMapper.allSubject       : <==      Total: 6
2020-10-27 09:44:19.154 DEBUG 2888 --- [XNIO-1 task-19] r.c.m.x.r.QuestionMapper.page_COUNT      : ==>  Preparing: SELECT count(0) FROM t_question WHERE deleted = 0 
2020-10-27 09:44:19.154 DEBUG 2888 --- [XNIO-1 task-19] r.c.m.x.r.QuestionMapper.page_COUNT      : ==> Parameters: 
2020-10-27 09:44:19.155 DEBUG 2888 --- [XNIO-1 task-19] r.c.m.x.r.QuestionMapper.page_COUNT      : <==      Total: 1
2020-10-27 09:44:19.156 DEBUG 2888 --- [XNIO-1 task-19] r.c.m.x.repository.QuestionMapper.page   : ==>  Preparing: SELECT id, question_type, subject_id, score, grade_level, difficult, correct, info_text_content_id, create_user, status, create_time, deleted FROM t_question WHERE deleted = 0 order by id desc LIMIT ? 
2020-10-27 09:44:19.157 DEBUG 2888 --- [XNIO-1 task-19] r.c.m.x.repository.QuestionMapper.page   : ==> Parameters: 10(Integer)
2020-10-27 09:44:19.160 DEBUG 2888 --- [XNIO-1 task-19] r.c.m.x.repository.QuestionMapper.page   : <==      Total: 6
2020-10-27 09:44:19.167 DEBUG 2888 --- [XNIO-1 task-19] r.c.m.x.r.T.selectByPrimaryKey           : ==>  Preparing: select id, content, create_time from t_text_content where id = ? 
2020-10-27 09:44:19.168 DEBUG 2888 --- [XNIO-1 task-19] r.c.m.x.r.T.selectByPrimaryKey           : ==> Parameters: 13(Integer)
2020-10-27 09:44:19.176 DEBUG 2888 --- [XNIO-1 task-19] r.c.m.x.r.T.selectByPrimaryKey           : <==      Total: 1
2020-10-27 09:44:19.186 DEBUG 2888 --- [XNIO-1 task-19] r.c.m.x.r.T.selectByPrimaryKey           : ==>  Preparing: select id, content, create_time from t_text_content where id = ? 
2020-10-27 09:44:19.186 DEBUG 2888 --- [XNIO-1 task-19] r.c.m.x.r.T.selectByPrimaryKey           : ==> Parameters: 12(Integer)
2020-10-27 09:44:19.187 DEBUG 2888 --- [XNIO-1 task-19] r.c.m.x.r.T.selectByPrimaryKey           : <==      Total: 1
2020-10-27 09:44:19.190 DEBUG 2888 --- [XNIO-1 task-19] r.c.m.x.r.T.selectByPrimaryKey           : ==>  Preparing: select id, content, create_time from t_text_content where id = ? 
2020-10-27 09:44:19.191 DEBUG 2888 --- [XNIO-1 task-19] r.c.m.x.r.T.selectByPrimaryKey           : ==> Parameters: 11(Integer)
2020-10-27 09:44:19.193 DEBUG 2888 --- [XNIO-1 task-19] r.c.m.x.r.T.selectByPrimaryKey           : <==      Total: 1
2020-10-27 09:44:19.197 DEBUG 2888 --- [XNIO-1 task-19] r.c.m.x.r.T.selectByPrimaryKey           : ==>  Preparing: select id, content, create_time from t_text_content where id = ? 
2020-10-27 09:44:19.197 DEBUG 2888 --- [XNIO-1 task-19] r.c.m.x.r.T.selectByPrimaryKey           : ==> Parameters: 8(Integer)
2020-10-27 09:44:19.198 DEBUG 2888 --- [XNIO-1 task-19] r.c.m.x.r.T.selectByPrimaryKey           : <==      Total: 1
2020-10-27 09:44:19.201 DEBUG 2888 --- [XNIO-1 task-19] r.c.m.x.r.T.selectByPrimaryKey           : ==>  Preparing: select id, content, create_time from t_text_content where id = ? 
2020-10-27 09:44:19.201 DEBUG 2888 --- [XNIO-1 task-19] r.c.m.x.r.T.selectByPrimaryKey           : ==> Parameters: 4(Integer)
2020-10-27 09:44:19.202 DEBUG 2888 --- [XNIO-1 task-19] r.c.m.x.r.T.selectByPrimaryKey           : <==      Total: 1
2020-10-27 09:44:19.206 DEBUG 2888 --- [XNIO-1 task-19] r.c.m.x.r.T.selectByPrimaryKey           : ==>  Preparing: select id, content, create_time from t_text_content where id = ? 
2020-10-27 09:44:19.206 DEBUG 2888 --- [XNIO-1 task-19] r.c.m.x.r.T.selectByPrimaryKey           : ==> Parameters: 1(Integer)
2020-10-27 09:44:19.209 DEBUG 2888 --- [XNIO-1 task-19] r.c.m.x.r.T.selectByPrimaryKey           : <==      Total: 1
2020-10-27 09:46:35.037 DEBUG 2888 --- [XNIO-1 task-20] r.c.m.x.r.SubjectMapper.allSubject       : ==>  Preparing: select id, name, level, level_name, item_order, deleted from t_subject 
2020-10-27 09:46:35.037 DEBUG 2888 --- [XNIO-1 task-20] r.c.m.x.r.SubjectMapper.allSubject       : ==> Parameters: 
2020-10-27 09:46:35.039 DEBUG 2888 --- [XNIO-1 task-20] r.c.m.x.r.SubjectMapper.allSubject       : <==      Total: 6
2020-10-27 09:47:17.078 DEBUG 2888 --- [XNIO-1 task-64] r.c.m.x.r.SubjectMapper.allSubject       : ==>  Preparing: select id, name, level, level_name, item_order, deleted from t_subject 
2020-10-27 09:47:17.078 DEBUG 2888 --- [XNIO-1 task-64] r.c.m.x.r.SubjectMapper.allSubject       : ==> Parameters: 
2020-10-27 09:47:17.079 DEBUG 2888 --- [XNIO-1 task-65] r.c.m.x.r.QuestionMapper.page_COUNT      : ==>  Preparing: SELECT count(0) FROM t_question WHERE deleted = 0 
2020-10-27 09:47:17.080 DEBUG 2888 --- [XNIO-1 task-65] r.c.m.x.r.QuestionMapper.page_COUNT      : ==> Parameters: 
2020-10-27 09:47:17.080 DEBUG 2888 --- [XNIO-1 task-64] r.c.m.x.r.SubjectMapper.allSubject       : <==      Total: 6
2020-10-27 09:47:17.081 DEBUG 2888 --- [XNIO-1 task-65] r.c.m.x.r.QuestionMapper.page_COUNT      : <==      Total: 1
2020-10-27 09:47:17.083 DEBUG 2888 --- [XNIO-1 task-65] r.c.m.x.repository.QuestionMapper.page   : ==>  Preparing: SELECT id, question_type, subject_id, score, grade_level, difficult, correct, info_text_content_id, create_user, status, create_time, deleted FROM t_question WHERE deleted = 0 order by id desc LIMIT ? 
2020-10-27 09:47:17.084 DEBUG 2888 --- [XNIO-1 task-65] r.c.m.x.repository.QuestionMapper.page   : ==> Parameters: 10(Integer)
2020-10-27 09:47:17.086 DEBUG 2888 --- [XNIO-1 task-65] r.c.m.x.repository.QuestionMapper.page   : <==      Total: 6
2020-10-27 17:11:39.390  INFO 8748 --- [main] com.mindskip.xzs.XzsApplication          : Starting XzsApplication on DESKTOP-OCPEEVB with PID 8748 (started by wxj in F:\学习小帮手\studyhelper\xzs-mysql\source\xzs)
2020-10-27 17:11:39.393  INFO 8748 --- [main] com.mindskip.xzs.XzsApplication          : The following profiles are active: dev
2020-10-27 17:11:40.507  INFO 8748 --- [main] .s.d.r.c.RepositoryConfigurationDelegate : Multiple Spring Data modules found, entering strict repository configuration mode!
2020-10-27 17:11:40.511  INFO 8748 --- [main] .s.d.r.c.RepositoryConfigurationDelegate : Bootstrapping Spring Data repositories in DEFAULT mode.
2020-10-27 17:11:40.572  INFO 8748 --- [main] .s.d.r.c.RepositoryConfigurationDelegate : Finished Spring Data repository scanning in 42ms. Found 0 repository interfaces.
2020-10-27 17:11:41.111  INFO 8748 --- [main] trationDelegate$BeanPostProcessorChecker : Bean 'cacheConfig' of type [com.mindskip.xzs.configuration.spring.cache.CacheConfig$$EnhancerBySpringCGLIB$$4ee4dc83] is not eligible for getting processed by all BeanPostProcessors (for example: not eligible for auto-proxying)
2020-10-27 17:11:41.117  INFO 8748 --- [main] trationDelegate$BeanPostProcessorChecker : Bean 'org.springframework.transaction.annotation.ProxyTransactionManagementConfiguration' of type [org.springframework.transaction.annotation.ProxyTransactionManagementConfiguration$$EnhancerBySpringCGLIB$$75a0cc42] is not eligible for getting processed by all BeanPostProcessors (for example: not eligible for auto-proxying)
2020-10-27 17:11:41.523  WARN 8748 --- [main] io.undertow.websockets.jsr               : UT026010: Buffer pool was not set on WebSocketDeploymentInfo, the default pool will be used
2020-10-27 17:11:41.547  INFO 8748 --- [main] io.undertow.servlet                      : Initializing Spring embedded WebApplicationContext
2020-10-27 17:11:41.547  INFO 8748 --- [main] o.s.web.context.ContextLoader            : Root WebApplicationContext: initialization completed in 2050 ms
2020-10-27 17:11:43.256  INFO 8748 --- [main] o.s.s.web.DefaultSecurityFilterChain     : Creating filter chain: any request, [org.springframework.security.web.context.request.async.WebAsyncManagerIntegrationFilter@623e0631, org.springframework.security.web.context.SecurityContextPersistenceFilter@f5a7226, org.springframework.security.web.header.HeaderWriterFilter@202d9236, org.springframework.web.filter.CorsFilter@359066bc, org.springframework.security.web.authentication.logout.LogoutFilter@6b321262, com.mindskip.xzs.configuration.spring.security.RestLoginAuthenticationFilter@3b8ec001, org.springframework.security.web.authentication.UsernamePasswordAuthenticationFilter@570ba13, org.springframework.security.web.savedrequest.RequestCacheAwareFilter@6ad1701a, org.springframework.security.web.servletapi.SecurityContextHolderAwareRequestFilter@6367a688, org.springframework.security.web.authentication.rememberme.RememberMeAuthenticationFilter@525b1b70, org.springframework.security.web.authentication.AnonymousAuthenticationFilter@385dfb63, org.springframework.security.web.session.SessionManagementFilter@6d6ac396, org.springframework.security.web.access.ExceptionTranslationFilter@4a070cf0, org.springframework.security.web.access.intercept.FilterSecurityInterceptor@64e7d698]
2020-10-27 17:11:43.808  INFO 8748 --- [main] io.lettuce.core.EpollProvider            : Starting without optional epoll library
2020-10-27 17:11:43.809  INFO 8748 --- [main] io.lettuce.core.KqueueProvider           : Starting without optional kqueue library
2020-10-27 17:11:44.941  INFO 8748 --- [main] s.a.ScheduledAnnotationBeanPostProcessor : No TaskScheduler/ScheduledExecutorService bean found for scheduled processing
2020-10-27 17:11:44.978  INFO 8748 --- [main] org.xnio                                 : XNIO version 3.3.8.Final
2020-10-27 17:11:44.987  INFO 8748 --- [main] org.xnio.nio                             : XNIO NIO Implementation Version 3.3.8.Final
2020-10-27 17:11:45.040  INFO 8748 --- [main] o.s.b.w.e.u.UndertowServletWebServer     : Undertow started on port(s) 8000 (http) with context path ''
2020-10-27 17:11:45.042  INFO 8748 --- [main] com.mindskip.xzs.XzsApplication          : Started XzsApplication in 6.546 seconds (JVM running for 7.743)
2020-10-27 17:12:11.001  INFO 8748 --- [XNIO-1 task-1] io.undertow.servlet                      : Initializing Spring DispatcherServlet 'dispatcherServlet'
2020-10-27 17:12:11.001  INFO 8748 --- [XNIO-1 task-1] o.s.web.servlet.DispatcherServlet        : Initializing Servlet 'dispatcherServlet'
2020-10-27 17:12:11.013  INFO 8748 --- [XNIO-1 task-1] o.s.web.servlet.DispatcherServlet        : Completed initialization in 12 ms
2020-10-27 17:12:14.910  INFO 8748 --- [XNIO-1 task-6] com.zaxxer.hikari.HikariDataSource       : HikariPool-1 - Starting...
2020-10-27 17:12:15.107  INFO 8748 --- [XNIO-1 task-6] com.zaxxer.hikari.HikariDataSource       : HikariPool-1 - Start completed.
2020-10-27 17:12:15.114 DEBUG 8748 --- [XNIO-1 task-6] r.c.m.x.r.U.insertSelective              : ==>  Preparing: insert into t_user_event_log ( user_id, user_name, real_name, content, create_time ) values ( ?, ?, ?, ?, ? ) 
2020-10-27 17:12:15.149 DEBUG 8748 --- [XNIO-1 task-6] r.c.m.x.r.U.insertSelective              : ==> Parameters: 3(Integer), wxj(String), 吴晓洁(String), wxj 登录了小帮手(String), 2020-10-27 17:12:14.859(Timestamp)
2020-10-27 17:12:15.161 DEBUG 8748 --- [XNIO-1 task-6] r.c.m.x.r.U.insertSelective              : <==    Updates: 1
2020-10-27 17:12:15.249 DEBUG 8748 --- [XNIO-1 task-10] r.c.m.x.r.T.getByGradeLevel              : ==>  Preparing: select id, title, grade_level, frame_text_content_id, create_user, create_time, deleted, create_user_name from t_task_exam where deleted=0 and grade_level = ? 
2020-10-27 17:12:15.250 DEBUG 8748 --- [XNIO-1 task-7] r.c.m.x.r.MessageUserMapper.unReadCount  : ==>  Preparing: select count(*) from t_message_user where readed='f' and receive_user_id = ? 
2020-10-27 17:12:15.250 DEBUG 8748 --- [XNIO-1 task-7] r.c.m.x.r.MessageUserMapper.unReadCount  : ==> Parameters: 3(Integer)
2020-10-27 17:12:15.250 DEBUG 8748 --- [XNIO-1 task-10] r.c.m.x.r.T.getByGradeLevel              : ==> Parameters: 7(Integer)
2020-10-27 17:12:15.264 DEBUG 8748 --- [XNIO-1 task-9] r.c.m.x.r.ExamPaperMapper.indexPaper     : ==>  Preparing: SELECT id,name,limit_start_time,limit_end_time FROM t_exam_paper WHERE deleted=0 and paper_type= ? and grade_level=? ORDER BY id desc limit 5 
2020-10-27 17:12:15.264 DEBUG 8748 --- [XNIO-1 task-9] r.c.m.x.r.ExamPaperMapper.indexPaper     : ==> Parameters: 1(Integer), 7(Integer)
2020-10-27 17:12:15.277 DEBUG 8748 --- [XNIO-1 task-7] r.c.m.x.r.MessageUserMapper.unReadCount  : <==      Total: 1
2020-10-27 17:12:15.277 DEBUG 8748 --- [XNIO-1 task-9] r.c.m.x.r.ExamPaperMapper.indexPaper     : <==      Total: 1
2020-10-27 17:12:15.278 DEBUG 8748 --- [XNIO-1 task-10] r.c.m.x.r.T.getByGradeLevel              : <==      Total: 1
2020-10-27 17:12:15.278 DEBUG 8748 --- [XNIO-1 task-9] r.c.m.x.r.ExamPaperMapper.indexPaper     : ==>  Preparing: SELECT id,name,limit_start_time,limit_end_time FROM t_exam_paper WHERE deleted=0 and paper_type= ? and grade_level=? and ? between limit_start_time and limit_end_time ORDER BY id desc limit 5 
2020-10-27 17:12:15.279 DEBUG 8748 --- [XNIO-1 task-9] r.c.m.x.r.ExamPaperMapper.indexPaper     : ==> Parameters: 4(Integer), 7(Integer), 2020-10-27 17:12:15.278(Timestamp)
2020-10-27 17:12:15.281 DEBUG 8748 --- [XNIO-1 task-9] r.c.m.x.r.ExamPaperMapper.indexPaper     : <==      Total: 1
2020-10-27 17:12:15.283 DEBUG 8748 --- [XNIO-1 task-10] r.c.m.x.r.T.selectByTUid                 : ==>  Preparing: select id, task_exam_id, create_user, create_time, text_content_id from t_task_exam_customer_answer where create_user=? and task_exam_id in ( ? ) 
2020-10-27 17:12:15.283 DEBUG 8748 --- [XNIO-1 task-10] r.c.m.x.r.T.selectByTUid                 : ==> Parameters: 3(Integer), 2(Integer)
2020-10-27 17:12:15.286 DEBUG 8748 --- [XNIO-1 task-10] r.c.m.x.r.T.selectByTUid                 : <==      Total: 1
